uA(L,["u","u"],[]).


L = 2.

uA(L,["u","u","d"],["d"]).


L = 2.

uA(L,["u","u","u","f"],[]).


[1;31mfalse.

rA(L,["r","r"],[]).


L = 2.

rA(L,["r","r","d"],["d"]).


L = 2.

rA(L,["r","r","r","f"],[]).


[1;31mfalse.[0m

dA(L,["d","d"],[]).


L = 2.

dA(L,["d","d","u"],["u"]).


L = 2.

dA(L,["d","d","d","f"],[]).


[1;31mfalse.[0m

lA(L,["l","l"],[]).


L = 2.

lA(L,["l","l","d"],["d"]).


L = 2.

lA(L,["l","l","l","d"],[]).


[1;31mfalse.[0m

sq(["u","u","r"],[]).


[1mtrue.[0m

sq(["u","d","r","r","l"],[]).


[1;31mfalse.[0m

sq(["u","r","r","d","l"],[]).


[1mtrue.[0m

sqA(["u","u","r","r","d","d","l","l"],[]).


[1mtrue.[0m

sqA(["u","u","r","r","d","d","l"],[]).


[1;31mfalse.[0m

sqA(["u","u","r","r","d","d","l","l","l"],["l"]).


[1;31mfalse.


rctA(["u","r","d","l"],[]).


[1mtrue.[0m

rctA(["u","r","d","l","l"],[]).


[1;31mfalse.[0m

rctA(["u","r","r","d","l","l"],[]).


[1mtrue.[0m

grect(1,2,C).


C = ["u", "r", "r", "d", "l", "l"].

grect(3,2,C).


C = ["u", "u", "u", "r", "r", "d", "d", "d", "l"|...].

grect(4,4,C).


C = ["u", "u", "u", "u", "r", "r", "r", "r", "d"|...].

m30A(L,["m30A","m30A"],[]).


[1;31mfalse.[0m

m30A(L,["m30","m30"],[]).


L = 2.

m30A(L,["m30","d"],[]).


[1;31mfalse.[0m

m30A(L,["m30","m30","m30"],[]).


L = 3.

p240A(L,["p240","p240","p240"],[]).


L = 3.

p240A(L,["p240","p240","d"],[]).


[1;31mfalse.[0m

p240A(L,["p240"],[]).


L = 1.

eqtriA(["u","u","m30","m30","p240","p240"],[]).


[1mtrue.[0m

eqtriA(["u","u","m30","m30","p240"],[]).


[1;31mfalse.[0m

eqtriA(["u","u","u","u","m30","m30","m30","m30","p240","p240","p240","p240"],[]).


[1mtrue.[0m

one_shift([a,b,c,d],W).


W = [b, c, d, a].

one_shift([d,c,b,a],W).


W = [c, b, a, d].

one_shift([1,2],W).


W = [2, 1].

noprotocol.
